<?xml version="1.0" encoding="UTF-8"?>
<!-- Generated by org.testng.reporters.JUnitReportReporter -->
<testsuite hostname="LAPTOP-0G86REKT" failures="0" tests="1" name="testCases.ExecuteTestZaleniumChrome" time="7.572" errors="0" timestamp="13 Feb 2021 15:12:52 GMT">
  <testcase classname="testCases.ExecuteTestZaleniumChrome" name="test1" time="7.572"/>
</testsuite> <!-- testCases.ExecuteTestZaleniumChrome -->
