<?xml version="1.0" encoding="UTF-8"?>
<!-- Generated by org.testng.reporters.JUnitReportReporter -->
<testsuite hostname="LAPTOP-0G86REKT" failures="0" tests="1" name="testCases.ExecuteZaleniumFirefox" time="14.143" errors="0" timestamp="13 Feb 2021 15:12:52 GMT">
  <testcase classname="testCases.ExecuteZaleniumFirefox" name="test2" time="14.143"/>
</testsuite> <!-- testCases.ExecuteZaleniumFirefox -->
